This file contains any messages produced by compilers while
running configure, to aid debugging if configure makes a mistake.

It was created by vtxcore configure 0.1, which was
generated by GNU Autoconf 2.66.  Invocation command line was

  $ ./configure 

## --------- ##
## Platform. ##
## --------- ##

hostname = Emil-fedora
uname -m = x86_64
uname -r = 2.6.35.6-45.fc14.x86_64
uname -s = Linux
uname -v = #1 SMP Mon Oct 18 23:57:44 UTC 2010

/usr/bin/uname -p = unknown
/bin/uname -X     = unknown

/bin/arch              = x86_64
/usr/bin/arch -k       = unknown
/usr/convex/getsysinfo = unknown
/usr/bin/hostinfo      = unknown
/bin/machine           = unknown
/usr/bin/oslevel       = unknown
/bin/universe          = unknown

PATH: /usr/local/bin
PATH: /usr/bin
PATH: /bin
PATH: /usr/local/sbin
PATH: /usr/sbin
PATH: /sbin
PATH: /home/emil/bin


## ----------- ##
## Core tests. ##
## ----------- ##

configure:1796: checking for a BSD-compatible install
configure:1864: result: /usr/bin/install -c
configure:1875: checking whether build environment is sane
configure:1925: result: yes
configure:2066: checking for a thread-safe mkdir -p
configure:2105: result: /bin/mkdir -p
configure:2118: checking for gawk
configure:2134: found /usr/bin/gawk
configure:2145: result: gawk
configure:2156: checking whether make sets $(MAKE)
configure:2178: result: yes
configure:2301: checking for ranlib
configure:2317: found /usr/bin/ranlib
configure:2328: result: ranlib
configure:2408: checking for g++
configure:2424: found /usr/bin/g++
configure:2435: result: g++
configure:2462: checking for C++ compiler version
configure:2471: g++ --version >&5
g++ (GCC) 4.5.1 20100924 (Red Hat 4.5.1-4)
Copyright (C) 2010 Free Software Foundation, Inc.
This is free software; see the source for copying conditions.  There is NO
warranty; not even for MERCHANTABILITY or FITNESS FOR A PARTICULAR PURPOSE.

configure:2482: $? = 0
configure:2471: g++ -v >&5
Using built-in specs.
COLLECT_GCC=g++
COLLECT_LTO_WRAPPER=/usr/libexec/gcc/x86_64-redhat-linux/4.5.1/lto-wrapper
Target: x86_64-redhat-linux
Configured with: ../configure --prefix=/usr --mandir=/usr/share/man --infodir=/usr/share/info --with-bugurl=http://bugzilla.redhat.com/bugzilla --enable-bootstrap --enable-shared --enable-threads=posix --enable-checking=release --with-system-zlib --enable-__cxa_atexit --disable-libunwind-exceptions --enable-gnu-unique-object --enable-linker-build-id --enable-languages=c,c++,objc,obj-c++,java,fortran,ada,lto --enable-plugin --enable-java-awt=gtk --disable-dssi --with-java-home=/usr/lib/jvm/java-1.5.0-gcj-1.5.0.0/jre --enable-libgcj-multifile --enable-java-maintainer-mode --with-ecj-jar=/usr/share/java/eclipse-ecj.jar --disable-libjava-multilib --with-ppl --with-cloog --with-tune=generic --with-arch_32=i686 --build=x86_64-redhat-linux
Thread model: posix
gcc version 4.5.1 20100924 (Red Hat 4.5.1-4) (GCC) 
configure:2482: $? = 0
configure:2471: g++ -V >&5
g++: '-V' option must have argument
configure:2482: $? = 1
configure:2471: g++ -qversion >&5
g++: unrecognized option '-qversion'
g++: no input files
configure:2482: $? = 1
configure:2502: checking whether the C++ compiler works
configure:2524: g++    conftest.cpp  >&5
configure:2528: $? = 0
configure:2576: result: yes
configure:2579: checking for C++ compiler default output file name
configure:2581: result: a.out
configure:2587: checking for suffix of executables
configure:2594: g++ -o conftest    conftest.cpp  >&5
configure:2598: $? = 0
configure:2620: result: 
configure:2642: checking whether we are cross compiling
configure:2650: g++ -o conftest    conftest.cpp  >&5
configure:2654: $? = 0
configure:2661: ./conftest
configure:2665: $? = 0
configure:2680: result: no
configure:2685: checking for suffix of object files
configure:2707: g++ -c   conftest.cpp >&5
configure:2711: $? = 0
configure:2732: result: o
configure:2736: checking whether we are using the GNU C++ compiler
configure:2755: g++ -c   conftest.cpp >&5
configure:2755: $? = 0
configure:2764: result: yes
configure:2773: checking whether g++ accepts -g
configure:2793: g++ -c -g  conftest.cpp >&5
configure:2793: $? = 0
configure:2834: result: yes
configure:2868: checking for style of include used by make
configure:2896: result: GNU
configure:2921: checking dependency style of g++
configure:3031: result: gcc3
configure:3169: creating ./config.status

## ---------------------- ##
## Running config.status. ##
## ---------------------- ##

This file was extended by vtxcore config.status 0.1, which was
generated by GNU Autoconf 2.66.  Invocation command line was

  CONFIG_FILES    = 
  CONFIG_HEADERS  = 
  CONFIG_LINKS    = 
  CONFIG_COMMANDS = 
  $ ./config.status 

on Emil-fedora

config.status:839: creating Makefile
config.status:839: creating src/Makefile
config.status:839: creating config.h
config.status:1019: config.h is unchanged
config.status:1067: executing depfiles commands

## ---------------- ##
## Cache variables. ##
## ---------------- ##

ac_cv_cxx_compiler_gnu=yes
ac_cv_env_CCC_set=
ac_cv_env_CCC_value=
ac_cv_env_CPPFLAGS_set=
ac_cv_env_CPPFLAGS_value=
ac_cv_env_CXXFLAGS_set=
ac_cv_env_CXXFLAGS_value=
ac_cv_env_CXX_set=
ac_cv_env_CXX_value=
ac_cv_env_LDFLAGS_set=
ac_cv_env_LDFLAGS_value=
ac_cv_env_LIBS_set=
ac_cv_env_LIBS_value=
ac_cv_env_build_alias_set=
ac_cv_env_build_alias_value=
ac_cv_env_host_alias_set=
ac_cv_env_host_alias_value=
ac_cv_env_target_alias_set=
ac_cv_env_target_alias_value=
ac_cv_objext=o
ac_cv_path_install='/usr/bin/install -c'
ac_cv_path_mkdir=/bin/mkdir
ac_cv_prog_AWK=gawk
ac_cv_prog_ac_ct_CXX=g++
ac_cv_prog_ac_ct_RANLIB=ranlib
ac_cv_prog_cxx_g=yes
ac_cv_prog_make_make_set=yes
am_cv_CXX_dependencies_compiler_type=gcc3

## ----------------- ##
## Output variables. ##
## ----------------- ##

ACLOCAL='${SHELL} /home/emil/Projects/vortex/trunk/vortex_core/missing --run aclocal-1.11'
AMDEPBACKSLASH='\'
AMDEP_FALSE='#'
AMDEP_TRUE=''
AMTAR='${SHELL} /home/emil/Projects/vortex/trunk/vortex_core/missing --run tar'
AUTOCONF='${SHELL} /home/emil/Projects/vortex/trunk/vortex_core/missing --run autoconf'
AUTOHEADER='${SHELL} /home/emil/Projects/vortex/trunk/vortex_core/missing --run autoheader'
AUTOMAKE='${SHELL} /home/emil/Projects/vortex/trunk/vortex_core/missing --run automake-1.11'
AWK='gawk'
CPPFLAGS=''
CXX='g++'
CXXDEPMODE='depmode=gcc3'
CXXFLAGS='-g -O2'
CYGPATH_W='echo'
DEFS='-DHAVE_CONFIG_H'
DEPDIR='.deps'
ECHO_C=''
ECHO_N='-n'
ECHO_T=''
EXEEXT=''
INSTALL_DATA='${INSTALL} -m 644'
INSTALL_PROGRAM='${INSTALL}'
INSTALL_SCRIPT='${INSTALL}'
INSTALL_STRIP_PROGRAM='$(install_sh) -c -s'
LDFLAGS=''
LIBOBJS=''
LIBS=''
LTLIBOBJS=''
MAKEINFO='${SHELL} /home/emil/Projects/vortex/trunk/vortex_core/missing --run makeinfo'
MKDIR_P='/bin/mkdir -p'
OBJEXT='o'
PACKAGE='vtxcore'
PACKAGE_BUGREPORT='emilnorden@yahoo.se'
PACKAGE_NAME='vtxcore'
PACKAGE_STRING='vtxcore 0.1'
PACKAGE_TARNAME='vtxcore'
PACKAGE_URL=''
PACKAGE_VERSION='0.1'
PATH_SEPARATOR=':'
RANLIB='ranlib'
SET_MAKE=''
SHELL='/bin/sh'
STRIP=''
VERSION='0.1'
ac_ct_CXX='g++'
am__EXEEXT_FALSE=''
am__EXEEXT_TRUE='#'
am__fastdepCXX_FALSE='#'
am__fastdepCXX_TRUE=''
am__include='include'
am__isrc=''
am__leading_dot='.'
am__quote=''
am__tar='${AMTAR} chof - "$$tardir"'
am__untar='${AMTAR} xf -'
bindir='${exec_prefix}/bin'
build_alias=''
datadir='${datarootdir}'
datarootdir='${prefix}/share'
docdir='${datarootdir}/doc/${PACKAGE_TARNAME}'
dvidir='${docdir}'
exec_prefix='${prefix}'
host_alias=''
htmldir='${docdir}'
includedir='${prefix}/include'
infodir='${datarootdir}/info'
install_sh='${SHELL} /home/emil/Projects/vortex/trunk/vortex_core/install-sh'
libdir='${exec_prefix}/lib'
libexecdir='${exec_prefix}/libexec'
localedir='${datarootdir}/locale'
localstatedir='${prefix}/var'
mandir='${datarootdir}/man'
mkdir_p='/bin/mkdir -p'
oldincludedir='/usr/include'
pdfdir='${docdir}'
prefix='/usr/local'
program_transform_name='s,x,x,'
psdir='${docdir}'
sbindir='${exec_prefix}/sbin'
sharedstatedir='${prefix}/com'
sysconfdir='${prefix}/etc'
target_alias=''

## ----------- ##
## confdefs.h. ##
## ----------- ##

/* confdefs.h */
#define PACKAGE_NAME "vtxcore"
#define PACKAGE_TARNAME "vtxcore"
#define PACKAGE_VERSION "0.1"
#define PACKAGE_STRING "vtxcore 0.1"
#define PACKAGE_BUGREPORT "emilnorden@yahoo.se"
#define PACKAGE_URL ""
#define PACKAGE "vtxcore"
#define VERSION "0.1"

configure: exit 0
