This file contains any messages produced by compilers while
running configure, to aid debugging if configure makes a mistake.

It was created by vortex-engine configure 0.1a, which was
generated by GNU Autoconf 2.66.  Invocation command line was

  $ ./configure 

## --------- ##
## Platform. ##
## --------- ##

hostname = Emil-fedora
uname -m = x86_64
uname -r = 2.6.35.12-88.fc14.x86_64
uname -s = Linux
uname -v = #1 SMP Thu Mar 31 21:21:57 UTC 2011

/usr/bin/uname -p = unknown
/bin/uname -X     = unknown

/bin/arch              = x86_64
/usr/bin/arch -k       = unknown
/usr/convex/getsysinfo = unknown
/usr/bin/hostinfo      = unknown
/bin/machine           = unknown
/usr/bin/oslevel       = unknown
/bin/universe          = unknown

PATH: /usr/lib64/qt-3.3/bin
PATH: /usr/local/bin
PATH: /usr/bin
PATH: /bin
PATH: /usr/local/sbin
PATH: /usr/sbin
PATH: /sbin
PATH: /home/emil/bin


## ----------- ##
## Core tests. ##
## ----------- ##

configure:2324: checking for a BSD-compatible install
configure:2392: result: /usr/bin/install -c
configure:2403: checking whether build environment is sane
configure:2453: result: yes
configure:2594: checking for a thread-safe mkdir -p
configure:2633: result: /bin/mkdir -p
configure:2646: checking for gawk
configure:2662: found /usr/bin/gawk
configure:2673: result: gawk
configure:2684: checking whether make sets $(MAKE)
configure:2706: result: yes
configure:2849: checking for g++
configure:2865: found /usr/bin/g++
configure:2876: result: g++
configure:2903: checking for C++ compiler version
configure:2912: g++ --version >&5
g++ (GCC) 4.5.1 20100924 (Red Hat 4.5.1-4)
Copyright (C) 2010 Free Software Foundation, Inc.
This is free software; see the source for copying conditions.  There is NO
warranty; not even for MERCHANTABILITY or FITNESS FOR A PARTICULAR PURPOSE.

configure:2923: $? = 0
configure:2912: g++ -v >&5
Using built-in specs.
COLLECT_GCC=g++
COLLECT_LTO_WRAPPER=/usr/libexec/gcc/x86_64-redhat-linux/4.5.1/lto-wrapper
Target: x86_64-redhat-linux
Configured with: ../configure --prefix=/usr --mandir=/usr/share/man --infodir=/usr/share/info --with-bugurl=http://bugzilla.redhat.com/bugzilla --enable-bootstrap --enable-shared --enable-threads=posix --enable-checking=release --with-system-zlib --enable-__cxa_atexit --disable-libunwind-exceptions --enable-gnu-unique-object --enable-linker-build-id --enable-languages=c,c++,objc,obj-c++,java,fortran,ada,lto --enable-plugin --enable-java-awt=gtk --disable-dssi --with-java-home=/usr/lib/jvm/java-1.5.0-gcj-1.5.0.0/jre --enable-libgcj-multifile --enable-java-maintainer-mode --with-ecj-jar=/usr/share/java/eclipse-ecj.jar --disable-libjava-multilib --with-ppl --with-cloog --with-tune=generic --with-arch_32=i686 --build=x86_64-redhat-linux
Thread model: posix
gcc version 4.5.1 20100924 (Red Hat 4.5.1-4) (GCC) 
configure:2923: $? = 0
configure:2912: g++ -V >&5
g++: '-V' option must have argument
configure:2923: $? = 1
configure:2912: g++ -qversion >&5
g++: unrecognized option '-qversion'
g++: no input files
configure:2923: $? = 1
configure:2943: checking whether the C++ compiler works
configure:2965: g++    conftest.cpp  >&5
configure:2969: $? = 0
configure:3017: result: yes
configure:3020: checking for C++ compiler default output file name
configure:3022: result: a.out
configure:3028: checking for suffix of executables
configure:3035: g++ -o conftest    conftest.cpp  >&5
configure:3039: $? = 0
configure:3061: result: 
configure:3083: checking whether we are cross compiling
configure:3091: g++ -o conftest    conftest.cpp  >&5
configure:3095: $? = 0
configure:3102: ./conftest
configure:3106: $? = 0
configure:3121: result: no
configure:3126: checking for suffix of object files
configure:3148: g++ -c   conftest.cpp >&5
configure:3152: $? = 0
configure:3173: result: o
configure:3177: checking whether we are using the GNU C++ compiler
configure:3196: g++ -c   conftest.cpp >&5
configure:3196: $? = 0
configure:3205: result: yes
configure:3214: checking whether g++ accepts -g
configure:3234: g++ -c -g  conftest.cpp >&5
configure:3234: $? = 0
configure:3275: result: yes
configure:3309: checking for style of include used by make
configure:3337: result: GNU
configure:3362: checking dependency style of g++
configure:3472: result: gcc3
configure:3535: checking for gcc
configure:3551: found /usr/bin/gcc
configure:3562: result: gcc
configure:3791: checking for C compiler version
configure:3800: gcc --version >&5
gcc (GCC) 4.5.1 20100924 (Red Hat 4.5.1-4)
Copyright (C) 2010 Free Software Foundation, Inc.
This is free software; see the source for copying conditions.  There is NO
warranty; not even for MERCHANTABILITY or FITNESS FOR A PARTICULAR PURPOSE.

configure:3811: $? = 0
configure:3800: gcc -v >&5
Using built-in specs.
COLLECT_GCC=gcc
COLLECT_LTO_WRAPPER=/usr/libexec/gcc/x86_64-redhat-linux/4.5.1/lto-wrapper
Target: x86_64-redhat-linux
Configured with: ../configure --prefix=/usr --mandir=/usr/share/man --infodir=/usr/share/info --with-bugurl=http://bugzilla.redhat.com/bugzilla --enable-bootstrap --enable-shared --enable-threads=posix --enable-checking=release --with-system-zlib --enable-__cxa_atexit --disable-libunwind-exceptions --enable-gnu-unique-object --enable-linker-build-id --enable-languages=c,c++,objc,obj-c++,java,fortran,ada,lto --enable-plugin --enable-java-awt=gtk --disable-dssi --with-java-home=/usr/lib/jvm/java-1.5.0-gcj-1.5.0.0/jre --enable-libgcj-multifile --enable-java-maintainer-mode --with-ecj-jar=/usr/share/java/eclipse-ecj.jar --disable-libjava-multilib --with-ppl --with-cloog --with-tune=generic --with-arch_32=i686 --build=x86_64-redhat-linux
Thread model: posix
gcc version 4.5.1 20100924 (Red Hat 4.5.1-4) (GCC) 
configure:3811: $? = 0
configure:3800: gcc -V >&5
gcc: '-V' option must have argument
configure:3811: $? = 1
configure:3800: gcc -qversion >&5
gcc: unrecognized option '-qversion'
gcc: no input files
configure:3811: $? = 1
configure:3815: checking whether we are using the GNU C compiler
configure:3834: gcc -c   conftest.c >&5
configure:3834: $? = 0
configure:3843: result: yes
configure:3852: checking whether gcc accepts -g
configure:3872: gcc -c -g  conftest.c >&5
configure:3872: $? = 0
configure:3913: result: yes
configure:3930: checking for gcc option to accept ISO C89
configure:3994: gcc  -c -g -O2  conftest.c >&5
configure:3994: $? = 0
configure:4007: result: none needed
configure:4029: checking dependency style of gcc
configure:4139: result: gcc3
configure:4154: checking whether make sets $(MAKE)
configure:4176: result: yes
configure:4228: checking for ranlib
configure:4244: found /usr/bin/ranlib
configure:4255: result: ranlib
configure:4287: checking how to run the C preprocessor
configure:4318: gcc -E  conftest.c
configure:4318: $? = 0
configure:4332: gcc -E  conftest.c
conftest.c:11:28: fatal error: ac_nonexistent.h: No such file or directory
compilation terminated.
configure:4332: $? = 1
configure: failed program was:
| /* confdefs.h */
| #define PACKAGE_NAME "vortex-engine"
| #define PACKAGE_TARNAME "vortex-engine"
| #define PACKAGE_VERSION "0.1a"
| #define PACKAGE_STRING "vortex-engine 0.1a"
| #define PACKAGE_BUGREPORT "emilnorden at yahoo dot se"
| #define PACKAGE_URL ""
| #define PACKAGE "vortex-engine"
| #define VERSION "0.1a"
| /* end confdefs.h.  */
| #include <ac_nonexistent.h>
configure:4357: result: gcc -E
configure:4377: gcc -E  conftest.c
configure:4377: $? = 0
configure:4391: gcc -E  conftest.c
conftest.c:11:28: fatal error: ac_nonexistent.h: No such file or directory
compilation terminated.
configure:4391: $? = 1
configure: failed program was:
| /* confdefs.h */
| #define PACKAGE_NAME "vortex-engine"
| #define PACKAGE_TARNAME "vortex-engine"
| #define PACKAGE_VERSION "0.1a"
| #define PACKAGE_STRING "vortex-engine 0.1a"
| #define PACKAGE_BUGREPORT "emilnorden at yahoo dot se"
| #define PACKAGE_URL ""
| #define PACKAGE "vortex-engine"
| #define VERSION "0.1a"
| /* end confdefs.h.  */
| #include <ac_nonexistent.h>
configure:4420: checking for X
configure:4559: gcc -o conftest -g -O2   conftest.c -lX11  >&5
configure:4559: $? = 0
configure:4609: result: libraries , headers 
configure:4613: checking for grep that handles long lines and -e
configure:4671: result: /bin/grep
configure:4676: checking for egrep
configure:4738: result: /bin/grep -E
configure:4743: checking for ANSI C header files
configure:4763: gcc -c -g -O2  conftest.c >&5
configure:4763: $? = 0
configure:4836: gcc -o conftest -g -O2   conftest.c  >&5
configure:4836: $? = 0
configure:4836: ./conftest
configure:4836: $? = 0
configure:4847: result: yes
configure:4860: checking for sys/types.h
configure:4860: gcc -c -g -O2  conftest.c >&5
configure:4860: $? = 0
configure:4860: result: yes
configure:4860: checking for sys/stat.h
configure:4860: gcc -c -g -O2  conftest.c >&5
configure:4860: $? = 0
configure:4860: result: yes
configure:4860: checking for stdlib.h
configure:4860: gcc -c -g -O2  conftest.c >&5
configure:4860: $? = 0
configure:4860: result: yes
configure:4860: checking for string.h
configure:4860: gcc -c -g -O2  conftest.c >&5
configure:4860: $? = 0
configure:4860: result: yes
configure:4860: checking for memory.h
configure:4860: gcc -c -g -O2  conftest.c >&5
configure:4860: $? = 0
configure:4860: result: yes
configure:4860: checking for strings.h
configure:4860: gcc -c -g -O2  conftest.c >&5
configure:4860: $? = 0
configure:4860: result: yes
configure:4860: checking for inttypes.h
configure:4860: gcc -c -g -O2  conftest.c >&5
configure:4860: $? = 0
configure:4860: result: yes
configure:4860: checking for stdint.h
configure:4860: gcc -c -g -O2  conftest.c >&5
configure:4860: $? = 0
configure:4860: result: yes
configure:4860: checking for unistd.h
configure:4860: gcc -c -g -O2  conftest.c >&5
configure:4860: $? = 0
configure:4860: result: yes
configure:4875: checking for stdint.h
configure:4875: result: yes
configure:4875: checking for stdlib.h
configure:4875: result: yes
configure:4875: checking for unistd.h
configure:4875: result: yes
configure:4887: checking for stdbool.h that conforms to C99
configure:4972: gcc -c -g -O2  conftest.c >&5
configure:4972: $? = 0
configure:4979: result: yes
configure:4981: checking for _Bool
configure:4981: gcc -c -g -O2  conftest.c >&5
configure:4981: $? = 0
configure:4981: gcc -c -g -O2  conftest.c >&5
conftest.c: In function 'main':
conftest.c:60:20: error: expected expression before ')' token
configure:4981: $? = 1
configure: failed program was:
| /* confdefs.h */
| #define PACKAGE_NAME "vortex-engine"
| #define PACKAGE_TARNAME "vortex-engine"
| #define PACKAGE_VERSION "0.1a"
| #define PACKAGE_STRING "vortex-engine 0.1a"
| #define PACKAGE_BUGREPORT "emilnorden at yahoo dot se"
| #define PACKAGE_URL ""
| #define PACKAGE "vortex-engine"
| #define VERSION "0.1a"
| #define STDC_HEADERS 1
| #define HAVE_SYS_TYPES_H 1
| #define HAVE_SYS_STAT_H 1
| #define HAVE_STDLIB_H 1
| #define HAVE_STRING_H 1
| #define HAVE_MEMORY_H 1
| #define HAVE_STRINGS_H 1
| #define HAVE_INTTYPES_H 1
| #define HAVE_STDINT_H 1
| #define HAVE_UNISTD_H 1
| #define HAVE_STDINT_H 1
| #define HAVE_STDLIB_H 1
| #define HAVE_UNISTD_H 1
| /* end confdefs.h.  */
| #include <stdio.h>
| #ifdef HAVE_SYS_TYPES_H
| # include <sys/types.h>
| #endif
| #ifdef HAVE_SYS_STAT_H
| # include <sys/stat.h>
| #endif
| #ifdef STDC_HEADERS
| # include <stdlib.h>
| # include <stddef.h>
| #else
| # ifdef HAVE_STDLIB_H
| #  include <stdlib.h>
| # endif
| #endif
| #ifdef HAVE_STRING_H
| # if !defined STDC_HEADERS && defined HAVE_MEMORY_H
| #  include <memory.h>
| # endif
| # include <string.h>
| #endif
| #ifdef HAVE_STRINGS_H
| # include <strings.h>
| #endif
| #ifdef HAVE_INTTYPES_H
| # include <inttypes.h>
| #endif
| #ifdef HAVE_STDINT_H
| # include <stdint.h>
| #endif
| #ifdef HAVE_UNISTD_H
| # include <unistd.h>
| #endif
| int
| main ()
| {
| if (sizeof ((_Bool)))
| 	    return 0;
|   ;
|   return 0;
| }
configure:4981: result: yes
configure:4997: checking for inline
configure:5013: gcc -c -g -O2  conftest.c >&5
configure:5013: $? = 0
configure:5021: result: inline
configure:5039: checking for uint16_t
configure:5039: gcc -c -g -O2  conftest.c >&5
configure:5039: $? = 0
configure:5039: result: yes
configure:5051: checking for uint32_t
configure:5051: gcc -c -g -O2  conftest.c >&5
configure:5051: $? = 0
configure:5051: result: yes
configure:5065: checking for uint8_t
configure:5065: gcc -c -g -O2  conftest.c >&5
configure:5065: $? = 0
configure:5065: result: yes
configure:5083: checking for stdlib.h
configure:5083: result: yes
configure:5093: checking for GNU libc compatible malloc
configure:5117: gcc -o conftest -g -O2   conftest.c  >&5
configure:5117: $? = 0
configure:5117: ./conftest
configure:5117: $? = 0
configure:5127: result: yes
configure:5151: checking for memset
configure:5151: gcc -o conftest -g -O2   conftest.c  >&5
conftest.c:51:6: warning: conflicting types for built-in function 'memset'
configure:5151: $? = 0
configure:5151: result: yes
configure:5151: checking for pow
configure:5151: gcc -o conftest -g -O2   conftest.c  >&5
conftest.c:52:6: warning: conflicting types for built-in function 'pow'
/tmp/ccyh98lb.o: In function `main':
/home/emil/Projects/vortex/trunk/conftest.c:63: undefined reference to `pow'
collect2: ld returned 1 exit status
configure:5151: $? = 1
configure: failed program was:
| /* confdefs.h */
| #define PACKAGE_NAME "vortex-engine"
| #define PACKAGE_TARNAME "vortex-engine"
| #define PACKAGE_VERSION "0.1a"
| #define PACKAGE_STRING "vortex-engine 0.1a"
| #define PACKAGE_BUGREPORT "emilnorden at yahoo dot se"
| #define PACKAGE_URL ""
| #define PACKAGE "vortex-engine"
| #define VERSION "0.1a"
| #define STDC_HEADERS 1
| #define HAVE_SYS_TYPES_H 1
| #define HAVE_SYS_STAT_H 1
| #define HAVE_STDLIB_H 1
| #define HAVE_STRING_H 1
| #define HAVE_MEMORY_H 1
| #define HAVE_STRINGS_H 1
| #define HAVE_INTTYPES_H 1
| #define HAVE_STDINT_H 1
| #define HAVE_UNISTD_H 1
| #define HAVE_STDINT_H 1
| #define HAVE_STDLIB_H 1
| #define HAVE_UNISTD_H 1
| #define HAVE__BOOL 1
| #define HAVE_STDBOOL_H 1
| #define HAVE_STDLIB_H 1
| #define HAVE_MALLOC 1
| #define HAVE_MEMSET 1
| /* end confdefs.h.  */
| /* Define pow to an innocuous variant, in case <limits.h> declares pow.
|    For example, HP-UX 11i <limits.h> declares gettimeofday.  */
| #define pow innocuous_pow
| 
| /* System header to define __stub macros and hopefully few prototypes,
|     which can conflict with char pow (); below.
|     Prefer <limits.h> to <assert.h> if __STDC__ is defined, since
|     <limits.h> exists even on freestanding compilers.  */
| 
| #ifdef __STDC__
| # include <limits.h>
| #else
| # include <assert.h>
| #endif
| 
| #undef pow
| 
| /* Override any GCC internal prototype to avoid an error.
|    Use char because int might match the return type of a GCC
|    builtin and then its argument prototype would still apply.  */
| #ifdef __cplusplus
| extern "C"
| #endif
| char pow ();
| /* The GNU C library defines this for functions which it implements
|     to always fail with ENOSYS.  Some functions are actually named
|     something starting with __ and the normal name is an alias.  */
| #if defined __stub_pow || defined __stub___pow
| choke me
| #endif
| 
| int
| main ()
| {
| return pow ();
|   ;
|   return 0;
| }
configure:5151: result: no
configure:5151: checking for sqrt
configure:5151: gcc -o conftest -g -O2   conftest.c  >&5
conftest.c:52:6: warning: conflicting types for built-in function 'sqrt'
/tmp/ccfsqxli.o: In function `main':
/home/emil/Projects/vortex/trunk/conftest.c:63: undefined reference to `sqrt'
collect2: ld returned 1 exit status
configure:5151: $? = 1
configure: failed program was:
| /* confdefs.h */
| #define PACKAGE_NAME "vortex-engine"
| #define PACKAGE_TARNAME "vortex-engine"
| #define PACKAGE_VERSION "0.1a"
| #define PACKAGE_STRING "vortex-engine 0.1a"
| #define PACKAGE_BUGREPORT "emilnorden at yahoo dot se"
| #define PACKAGE_URL ""
| #define PACKAGE "vortex-engine"
| #define VERSION "0.1a"
| #define STDC_HEADERS 1
| #define HAVE_SYS_TYPES_H 1
| #define HAVE_SYS_STAT_H 1
| #define HAVE_STDLIB_H 1
| #define HAVE_STRING_H 1
| #define HAVE_MEMORY_H 1
| #define HAVE_STRINGS_H 1
| #define HAVE_INTTYPES_H 1
| #define HAVE_STDINT_H 1
| #define HAVE_UNISTD_H 1
| #define HAVE_STDINT_H 1
| #define HAVE_STDLIB_H 1
| #define HAVE_UNISTD_H 1
| #define HAVE__BOOL 1
| #define HAVE_STDBOOL_H 1
| #define HAVE_STDLIB_H 1
| #define HAVE_MALLOC 1
| #define HAVE_MEMSET 1
| /* end confdefs.h.  */
| /* Define sqrt to an innocuous variant, in case <limits.h> declares sqrt.
|    For example, HP-UX 11i <limits.h> declares gettimeofday.  */
| #define sqrt innocuous_sqrt
| 
| /* System header to define __stub macros and hopefully few prototypes,
|     which can conflict with char sqrt (); below.
|     Prefer <limits.h> to <assert.h> if __STDC__ is defined, since
|     <limits.h> exists even on freestanding compilers.  */
| 
| #ifdef __STDC__
| # include <limits.h>
| #else
| # include <assert.h>
| #endif
| 
| #undef sqrt
| 
| /* Override any GCC internal prototype to avoid an error.
|    Use char because int might match the return type of a GCC
|    builtin and then its argument prototype would still apply.  */
| #ifdef __cplusplus
| extern "C"
| #endif
| char sqrt ();
| /* The GNU C library defines this for functions which it implements
|     to always fail with ENOSYS.  Some functions are actually named
|     something starting with __ and the normal name is an alias.  */
| #if defined __stub_sqrt || defined __stub___sqrt
| choke me
| #endif
| 
| int
| main ()
| {
| return sqrt ();
|   ;
|   return 0;
| }
configure:5151: result: no
configure:5295: creating ./config.status

## ---------------------- ##
## Running config.status. ##
## ---------------------- ##

This file was extended by vortex-engine config.status 0.1a, which was
generated by GNU Autoconf 2.66.  Invocation command line was

  CONFIG_FILES    = 
  CONFIG_HEADERS  = 
  CONFIG_LINKS    = 
  CONFIG_COMMANDS = 
  $ ./config.status 

on Emil-fedora

config.status:868: creating Makefile
config.status:868: creating src/Makefile
config.status:868: creating config.h
config.status:1048: config.h is unchanged
config.status:1096: executing depfiles commands
configure:6682: === configuring in google_test/gtest-1.6.0 (/home/emil/Projects/vortex/trunk/google_test/gtest-1.6.0)
configure:6745: running /bin/sh ./configure --disable-option-checking '--prefix=/usr/local'  --cache-file=/dev/null --srcdir=.

## ---------------- ##
## Cache variables. ##
## ---------------- ##

ac_cv_c_compiler_gnu=yes
ac_cv_c_inline=inline
ac_cv_c_uint16_t=yes
ac_cv_c_uint32_t=yes
ac_cv_c_uint8_t=yes
ac_cv_cxx_compiler_gnu=yes
ac_cv_env_CCC_set=
ac_cv_env_CCC_value=
ac_cv_env_CC_set=
ac_cv_env_CC_value=
ac_cv_env_CFLAGS_set=
ac_cv_env_CFLAGS_value=
ac_cv_env_CPPFLAGS_set=
ac_cv_env_CPPFLAGS_value=
ac_cv_env_CPP_set=
ac_cv_env_CPP_value=
ac_cv_env_CXXFLAGS_set=
ac_cv_env_CXXFLAGS_value=
ac_cv_env_CXX_set=
ac_cv_env_CXX_value=
ac_cv_env_LDFLAGS_set=
ac_cv_env_LDFLAGS_value=
ac_cv_env_LIBS_set=
ac_cv_env_LIBS_value=
ac_cv_env_XMKMF_set=
ac_cv_env_XMKMF_value=
ac_cv_env_build_alias_set=
ac_cv_env_build_alias_value=
ac_cv_env_host_alias_set=
ac_cv_env_host_alias_value=
ac_cv_env_target_alias_set=
ac_cv_env_target_alias_value=
ac_cv_func_malloc_0_nonnull=yes
ac_cv_func_memset=yes
ac_cv_func_pow=no
ac_cv_func_sqrt=no
ac_cv_have_x='have_x=yes	ac_x_includes='\'''\''	ac_x_libraries='\'''\'''
ac_cv_header_inttypes_h=yes
ac_cv_header_memory_h=yes
ac_cv_header_stdbool_h=yes
ac_cv_header_stdc=yes
ac_cv_header_stdint_h=yes
ac_cv_header_stdlib_h=yes
ac_cv_header_string_h=yes
ac_cv_header_strings_h=yes
ac_cv_header_sys_stat_h=yes
ac_cv_header_sys_types_h=yes
ac_cv_header_unistd_h=yes
ac_cv_objext=o
ac_cv_path_EGREP='/bin/grep -E'
ac_cv_path_GREP=/bin/grep
ac_cv_path_install='/usr/bin/install -c'
ac_cv_path_mkdir=/bin/mkdir
ac_cv_prog_AWK=gawk
ac_cv_prog_CPP='gcc -E'
ac_cv_prog_ac_ct_CC=gcc
ac_cv_prog_ac_ct_CXX=g++
ac_cv_prog_ac_ct_RANLIB=ranlib
ac_cv_prog_cc_c89=
ac_cv_prog_cc_g=yes
ac_cv_prog_cxx_g=yes
ac_cv_prog_make_make_set=yes
ac_cv_type__Bool=yes
am_cv_CC_dependencies_compiler_type=gcc3
am_cv_CXX_dependencies_compiler_type=gcc3

## ----------------- ##
## Output variables. ##
## ----------------- ##

ACLOCAL='${SHELL} /home/emil/Projects/vortex/trunk/missing --run aclocal-1.11'
AMDEPBACKSLASH='\'
AMDEP_FALSE='#'
AMDEP_TRUE=''
AMTAR='${SHELL} /home/emil/Projects/vortex/trunk/missing --run tar'
AUTOCONF='${SHELL} /home/emil/Projects/vortex/trunk/missing --run autoconf'
AUTOHEADER='${SHELL} /home/emil/Projects/vortex/trunk/missing --run autoheader'
AUTOMAKE='${SHELL} /home/emil/Projects/vortex/trunk/missing --run automake-1.11'
AWK='gawk'
CC='gcc'
CCDEPMODE='depmode=gcc3'
CFLAGS='-g -O2'
CPP='gcc -E'
CPPFLAGS=''
CXX='g++'
CXXDEPMODE='depmode=gcc3'
CXXFLAGS='-g -O2'
CYGPATH_W='echo'
DEFS='-DHAVE_CONFIG_H'
DEPDIR='.deps'
ECHO_C=''
ECHO_N='-n'
ECHO_T=''
EGREP='/bin/grep -E'
EXEEXT=''
GREP='/bin/grep'
INSTALL_DATA='${INSTALL} -m 644'
INSTALL_PROGRAM='${INSTALL}'
INSTALL_SCRIPT='${INSTALL}'
INSTALL_STRIP_PROGRAM='$(install_sh) -c -s'
LDFLAGS=''
LIBOBJS=''
LIBS=''
LTLIBOBJS=''
MAKEINFO='${SHELL} /home/emil/Projects/vortex/trunk/missing --run makeinfo'
MKDIR_P='/bin/mkdir -p'
OBJEXT='o'
PACKAGE='vortex-engine'
PACKAGE_BUGREPORT='emilnorden at yahoo dot se'
PACKAGE_NAME='vortex-engine'
PACKAGE_STRING='vortex-engine 0.1a'
PACKAGE_TARNAME='vortex-engine'
PACKAGE_URL=''
PACKAGE_VERSION='0.1a'
PATH_SEPARATOR=':'
RANLIB='ranlib'
SET_MAKE=''
SHELL='/bin/sh'
STRIP=''
VERSION='0.1a'
XMKMF=''
ac_ct_CC='gcc'
ac_ct_CXX='g++'
am__EXEEXT_FALSE=''
am__EXEEXT_TRUE='#'
am__fastdepCC_FALSE='#'
am__fastdepCC_TRUE=''
am__fastdepCXX_FALSE='#'
am__fastdepCXX_TRUE=''
am__include='include'
am__isrc=''
am__leading_dot='.'
am__quote=''
am__tar='${AMTAR} chof - "$$tardir"'
am__untar='${AMTAR} xf -'
bindir='${exec_prefix}/bin'
build_alias=''
datadir='${datarootdir}'
datarootdir='${prefix}/share'
docdir='${datarootdir}/doc/${PACKAGE_TARNAME}'
dvidir='${docdir}'
exec_prefix='${prefix}'
host_alias=''
htmldir='${docdir}'
includedir='${prefix}/include'
infodir='${datarootdir}/info'
install_sh='${SHELL} /home/emil/Projects/vortex/trunk/install-sh'
libdir='${exec_prefix}/lib'
libexecdir='${exec_prefix}/libexec'
localedir='${datarootdir}/locale'
localstatedir='${prefix}/var'
mandir='${datarootdir}/man'
mkdir_p='/bin/mkdir -p'
oldincludedir='/usr/include'
pdfdir='${docdir}'
prefix='/usr/local'
program_transform_name='s,x,x,'
psdir='${docdir}'
sbindir='${exec_prefix}/sbin'
sharedstatedir='${prefix}/com'
subdirs=' google_test/gtest-1.6.0'
sysconfdir='${prefix}/etc'
target_alias=''

## ----------- ##
## confdefs.h. ##
## ----------- ##

/* confdefs.h */
#define PACKAGE_NAME "vortex-engine"
#define PACKAGE_TARNAME "vortex-engine"
#define PACKAGE_VERSION "0.1a"
#define PACKAGE_STRING "vortex-engine 0.1a"
#define PACKAGE_BUGREPORT "emilnorden at yahoo dot se"
#define PACKAGE_URL ""
#define PACKAGE "vortex-engine"
#define VERSION "0.1a"
#define STDC_HEADERS 1
#define HAVE_SYS_TYPES_H 1
#define HAVE_SYS_STAT_H 1
#define HAVE_STDLIB_H 1
#define HAVE_STRING_H 1
#define HAVE_MEMORY_H 1
#define HAVE_STRINGS_H 1
#define HAVE_INTTYPES_H 1
#define HAVE_STDINT_H 1
#define HAVE_UNISTD_H 1
#define HAVE_STDINT_H 1
#define HAVE_STDLIB_H 1
#define HAVE_UNISTD_H 1
#define HAVE__BOOL 1
#define HAVE_STDBOOL_H 1
#define HAVE_STDLIB_H 1
#define HAVE_MALLOC 1
#define HAVE_MEMSET 1

configure: exit 0

## ---------------------- ##
## Running config.status. ##
## ---------------------- ##

This file was extended by vortex-engine config.status 0.1a, which was
generated by GNU Autoconf 2.66.  Invocation command line was

  CONFIG_FILES    = 
  CONFIG_HEADERS  = 
  CONFIG_LINKS    = 
  CONFIG_COMMANDS = 
  $ ./config.status src/Makefile depfiles

on Emil-fedora

config.status:868: creating src/Makefile
config.status:1096: executing depfiles commands

## ---------------------- ##
## Running config.status. ##
## ---------------------- ##

This file was extended by vortex-engine config.status 0.1a, which was
generated by GNU Autoconf 2.66.  Invocation command line was

  CONFIG_FILES    = 
  CONFIG_HEADERS  = 
  CONFIG_LINKS    = 
  CONFIG_COMMANDS = 
  $ ./config.status src/Makefile depfiles

on Emil-fedora

config.status:868: creating src/Makefile
config.status:1096: executing depfiles commands

## ---------------------- ##
## Running config.status. ##
## ---------------------- ##

This file was extended by vortex-engine config.status 0.1a, which was
generated by GNU Autoconf 2.66.  Invocation command line was

  CONFIG_FILES    = 
  CONFIG_HEADERS  = 
  CONFIG_LINKS    = 
  CONFIG_COMMANDS = 
  $ ./config.status src/Makefile depfiles

on Emil-fedora

config.status:868: creating src/Makefile
config.status:1096: executing depfiles commands
